<?xml version="1.0" encoding="UTF-8"?>
<testsuites name="Amazon_TestSuite" time="349.832" tests="5" failures="1" errors="0">
   <testsuite name="Amazon_TestSuite" tests="5" failures="1" errors="0" time="349.832" skipped="0" timestamp="07-02-2024T20:24:56" hostname="JANU - DESKTOP-J3VHVG2" id="Test Suites/Amazon_TestSuite">
      <properties>
         <property name="deviceName" value=""/>
         <property name="devicePlatform" value=""/>
         <property name="logFolder" value="C:\\Users\\JANU\\git\\Katalon_Automation_Testing_SB_GitHub\\Reports\\20240207_202433\\Amazon_TestSuite\\20240207_202433"/>
         <property name="logFiles" value="C:\\Users\\JANU\\git\\Katalon_Automation_Testing_SB_GitHub\\Reports\\20240207_202433\\Amazon_TestSuite\\20240207_202433\\execution0.log"/>
         <property name="attachments" value="C:\\Users\\JANU\\git\\Katalon_Automation_Testing_SB_GitHub\\Reports\\20240207_202433\\Amazon_TestSuite\\20240207_202433\\1707317790189.png, C:\\Users\\JANU\\git\\Katalon_Automation_Testing_SB_GitHub\\Reports\\20240207_202433\\Amazon_TestSuite\\20240207_202433\\1707317832678.png, C:\\Users\\JANU\\git\\Katalon_Automation_Testing_SB_GitHub\\Reports\\20240207_202433\\Amazon_TestSuite\\20240207_202433\\1707317874879.png, C:\\Users\\JANU\\git\\Katalon_Automation_Testing_SB_GitHub\\Reports\\20240207_202433\\Amazon_TestSuite\\20240207_202433\\1707317916186.png"/>
         <property name="hostName" value="JANU - DESKTOP-J3VHVG2"/>
         <property name="os" value="Windows 10 64bit"/>
         <property name="katalonVersion" value="9.1.0.212"/>
         <property name="browser" value="Chrome 121.0.0.0"/>
         <property name="hostAddress" value="192.168.1.4"/>
         <property name="sessionId" value="76499173ca2294003d9d41adde1199fb"/>
         <property name="seleniumVersion" value="3.141.59"/>
         <property name="proxyInformation" value="ProxyInformation { proxyOption=NO_PROXY, proxyServerType=HTTP, username=, password=********, proxyServerAddress=, proxyServerPort=0, executionList=&quot;&quot;, isApplyToDesiredCapabilities=true }"/>
         <property name="platform" value="Windows 10"/>
      </properties>
      <testcase name="Test Cases/TC_Amazon_Home_001" time="26.74" classname="Test Cases/TC_Amazon_Home_001" status="PASSED">
         <system-out><![CDATA[07-02-2024T20:25:25 - [TEST_CASE][PASSED] - Test Cases/TC_Amazon_Home_001: Test Cases/TC_Amazon_Home_001

07-02-2024T20:25:25 - [TEST_STEP][PASSED] - Start listener action : sampleBeforeTestCase: Object: 'Object Repository/TC_TL_Wishlist_OR/Page_Amazon Sign-In/inputsignInSubmit' is clicked on

07-02-2024T20:25:25 - [TEST_STEP][PASSED] - setText(findTestObject("Object Repository/TC_TL_Wishlist_OR/Page_Amazon Sign-In/input_email"), "gummallajahnavi2002@gmail.com"): Text 'gummallajahnavi2002@gmail.com' is set on object 'Object Repository/TC_TL_Wishlist_OR/Page_Amazon Sign-In/input_email'

07-02-2024T20:25:27 - [MESSAGE][PASSED] - Text 'gummallajahnavi2002@gmail.com' is set on object 'Object Repository/TC_TL_Wishlist_OR/Page_Amazon Sign-In/input_email'

07-02-2024T20:25:27 - [TEST_STEP][PASSED] - click(findTestObject("Object Repository/TC_TL_Wishlist_OR/Page_Amazon Sign-In/inputcontinue")): Object: 'Object Repository/TC_TL_Wishlist_OR/Page_Amazon Sign-In/inputcontinue' is clicked on

07-02-2024T20:25:29 - [MESSAGE][PASSED] - Object: 'Object Repository/TC_TL_Wishlist_OR/Page_Amazon Sign-In/inputcontinue' is clicked on

07-02-2024T20:25:29 - [TEST_STEP][PASSED] - setEncryptedText(findTestObject("Object Repository/TC_TL_Wishlist_OR/Page_Amazon Sign-In/input_password"), "RY21l9ks7eId//V36v5VDA=="): Text ****** has been set on object 'Object Repository/TC_TL_Wishlist_OR/Page_Amazon Sign-In/input_password'

07-02-2024T20:25:31 - [MESSAGE][PASSED] - Text ****** has been set on object 'Object Repository/TC_TL_Wishlist_OR/Page_Amazon Sign-In/input_password'

07-02-2024T20:25:31 - [TEST_STEP][PASSED] - click(findTestObject("Object Repository/TC_TL_Wishlist_OR/Page_Amazon Sign-In/inputsignInSubmit")): Object: 'Object Repository/TC_TL_Wishlist_OR/Page_Amazon Sign-In/inputsignInSubmit' is clicked on

07-02-2024T20:25:31 - [MESSAGE][PASSED] - Object: 'Object Repository/TC_TL_Wishlist_OR/Page_Amazon Sign-In/inputsignInSubmit' is clicked on

07-02-2024T20:25:32 - [TEST_STEP][PASSED] - selectOptionByValue(findTestObject("Object Repository/TC_Amazon_Home_001_OR/Page_Amazon.com. Spend less. Smile more/select_All Departments        Arts  Crafts _135c92"), "search-alias=stripbooks-intl-ship", true): All options with value 'search-alias=stripbooks-intl-ship' are selected in object 'Object Repository/TC_Amazon_Home_001_OR/Page_Amazon.com. Spend less. Smile more/select_All Departments        Arts  Crafts _135c92'  using regular expression

07-02-2024T20:25:40 - [MESSAGE][PASSED] - All options with value 'search-alias=stripbooks-intl-ship' are selected in object 'Object Repository/TC_Amazon_Home_001_OR/Page_Amazon.com. Spend less. Smile more/select_All Departments        Arts  Crafts _135c92'  using regular expression

07-02-2024T20:25:40 - [TEST_STEP][PASSED] - setText(findTestObject("Object Repository/TC_Amazon_Home_001_OR/Page_Amazon.com. Spend less. Smile more/input_field-keywords"), "da vinci code"): Text 'da vinci code' is set on object 'Object Repository/TC_Amazon_Home_001_OR/Page_Amazon.com. Spend less. Smile more/input_field-keywords'

07-02-2024T20:25:41 - [MESSAGE][PASSED] - Text 'da vinci code' is set on object 'Object Repository/TC_Amazon_Home_001_OR/Page_Amazon.com. Spend less. Smile more/input_field-keywords'

07-02-2024T20:25:41 - [TEST_STEP][PASSED] - click(findTestObject("Object Repository/TC_Amazon_Home_001_OR/Page_Amazon.com. Spend less. Smile more/inputnav-search-submit-button")): Object: 'Object Repository/TC_Amazon_Home_001_OR/Page_Amazon.com. Spend less. Smile more/inputnav-search-submit-button' is clicked on

07-02-2024T20:25:47 - [MESSAGE][PASSED] - Object: 'Object Repository/TC_Amazon_Home_001_OR/Page_Amazon.com. Spend less. Smile more/inputnav-search-submit-button' is clicked on

07-02-2024T20:25:47 - [TEST_STEP][PASSED] - Start listener action : sampleAfterTestCase: Object: 'Object Repository/TC_TL_Wishlist_OR/Page_Amazon.com/a_Sign Out' is clicked on

07-02-2024T20:25:47 - [TEST_STEP][PASSED] - click(findTestObject("Object Repository/TC_TL_Wishlist_OR/Page_Amazon.com/span_All")): Object: 'Object Repository/TC_TL_Wishlist_OR/Page_Amazon.com/span_All' is clicked on

07-02-2024T20:25:48 - [MESSAGE][PASSED] - Object: 'Object Repository/TC_TL_Wishlist_OR/Page_Amazon.com/span_All' is clicked on

07-02-2024T20:25:48 - [TEST_STEP][PASSED] - click(findTestObject("Object Repository/TC_TL_Wishlist_OR/Page_Amazon.com/a_Sign Out")): Object: 'Object Repository/TC_TL_Wishlist_OR/Page_Amazon.com/a_Sign Out' is clicked on

07-02-2024T20:25:52 - [MESSAGE][PASSED] - Object: 'Object Repository/TC_TL_Wishlist_OR/Page_Amazon.com/a_Sign Out' is clicked on]]></system-out>
         <system-err><![CDATA[]]></system-err>
      </testcase>
      <testcase name="Test Cases/TC_Amazon_Home_002" time="41.628" classname="Test Cases/TC_Amazon_Home_002" status="FAILED">
         <failure type="FAILED" message="Test Cases/TC_Amazon_Home_002 FAILED.&#xa;Reason:&#xa;com.kms.katalon.core.exception.StepFailedException: Unable to set encrypted text for object 'Object Repository/TC_Amazon_Home_002_OR/Page_Amazon Sign-In/input_password'&#xa;	at com.kms.katalon.core.webui.keyword.internal.WebUIKeywordMain.stepFailed(WebUIKeywordMain.groovy:64)&#xa;	at com.kms.katalon.core.webui.keyword.internal.WebUIKeywordMain.runKeyword(WebUIKeywordMain.groovy:26)&#xa;	at com.kms.katalon.core.webui.keyword.builtin.SetEncryptedTextKeyword.setEncryptedText(SetEncryptedTextKeyword.groovy:65)&#xa;	at com.kms.katalon.core.webui.keyword.builtin.SetEncryptedTextKeyword.execute(SetEncryptedTextKeyword.groovy:34)&#xa;	at com.kms.katalon.core.keyword.internal.KeywordExecutor.executeKeywordForPlatform(KeywordExecutor.groovy:74)&#xa;	at com.kms.katalon.core.webui.keyword.WebUiBuiltInKeywords.setEncryptedText(WebUiBuiltInKeywords.groovy:1050)&#xa;	at TC_Amazon_Home_002.run(TC_Amazon_Home_002:30)&#xa;	at com.kms.katalon.core.main.ScriptEngine.run(ScriptEngine.java:194)&#xa;	at com.kms.katalon.core.main.ScriptEngine.runScriptAsRawText(ScriptEngine.java:119)&#xa;	at com.kms.katalon.core.main.TestCaseExecutor.runScript(TestCaseExecutor.java:448)&#xa;	at com.kms.katalon.core.main.TestCaseExecutor.doExecute(TestCaseExecutor.java:439)&#xa;	at com.kms.katalon.core.main.TestCaseExecutor.processExecutionPhase(TestCaseExecutor.java:418)&#xa;	at com.kms.katalon.core.main.TestCaseExecutor.accessMainPhase(TestCaseExecutor.java:410)&#xa;	at com.kms.katalon.core.main.TestCaseExecutor.execute(TestCaseExecutor.java:285)&#xa;	at com.kms.katalon.core.main.TestCaseExecutor.execute(TestCaseExecutor.java:369)&#xa;	at com.kms.katalon.core.main.TestCaseExecutor.execute(TestCaseExecutor.java:369)&#xa;	at com.kms.katalon.core.main.TestCaseExecutor.execute(TestCaseExecutor.java:369)&#xa;	at com.kms.katalon.core.common.CommonExecutor.accessTestCaseMainPhase(CommonExecutor.java:65)&#xa;	at com.kms.katalon.core.main.TestSuiteExecutor.accessTestSuiteMainPhase(TestSuiteExecutor.java:148)&#xa;	at com.kms.katalon.core.main.TestSuiteExecutor.execute(TestSuiteExecutor.java:106)&#xa;	at com.kms.katalon.core.main.TestCaseMain.startTestSuite(TestCaseMain.java:180)&#xa;	at TempTestSuite1707317673028.run(TempTestSuite1707317673028.groovy:36)&#xa;	at java.base/jdk.internal.reflect.NativeMethodAccessorImpl.invoke0(Native Method)&#xa;	at java.base/jdk.internal.reflect.NativeMethodAccessorImpl.invoke(NativeMethodAccessorImpl.java:77)&#xa;	at java.base/jdk.internal.reflect.DelegatingMethodAccessorImpl.invoke(DelegatingMethodAccessorImpl.java:43)&#xa;Caused by: org.openqa.selenium.InvalidElementStateException: invalid element state&#xa;  (Session info: chrome=121.0.6167.140)&#xa;Build info: version: '3.141.59', revision: 'e82be7d358', time: '2018-11-14T08:25:53'&#xa;System info: host: 'DESKTOP-J3VHVG2', ip: '192.168.1.4', os.name: 'Windows 10', os.arch: 'amd64', os.version: '10.0', java.version: '17.0.7'&#xa;Driver info: com.kms.katalon.selenium.driver.CChromeDriver&#xa;Capabilities {acceptInsecureCerts: false, browserName: chrome, browserVersion: 121.0.6167.140, chrome: {chromedriverVersion: 121.0.6167.85 (3f98d690ad7e..., userDataDir: C:\Users\JANU\AppData\Local...}, fedcm:accounts: true, goog:chromeOptions: {debuggerAddress: localhost:58779}, javascriptEnabled: true, networkConnectionEnabled: false, pageLoadStrategy: normal, platform: WINDOWS, platformName: WINDOWS, proxy: Proxy(), setWindowRect: true, strictFileInteractability: false, timeouts: {implicit: 0, pageLoad: 300000, script: 30000}, unhandledPromptBehavior: dismiss and notify, webauthn:extension:credBlob: true, webauthn:extension:largeBlob: true, webauthn:extension:minPinLength: true, webauthn:extension:prf: true, webauthn:virtualAuthenticators: true}&#xa;Session ID: 76499173ca2294003d9d41adde1199fb&#xa;	at java.base/jdk.internal.reflect.NativeConstructorAccessorImpl.newInstance0(Native Method)&#xa;	at java.base/jdk.internal.reflect.NativeConstructorAccessorImpl.newInstance(NativeConstructorAccessorImpl.java:77)&#xa;	at java.base/jdk.internal.reflect.DelegatingConstructorAccessorImpl.newInstance(DelegatingConstructorAccessorImpl.java:45)&#xa;	at org.openqa.selenium.remote.http.W3CHttpResponseCodec.createException(W3CHttpResponseCodec.java:187)&#xa;	at org.openqa.selenium.remote.http.W3CHttpResponseCodec.decode(W3CHttpResponseCodec.java:122)&#xa;	at org.openqa.selenium.remote.http.W3CHttpResponseCodec.decode(W3CHttpResponseCodec.java:49)&#xa;	at org.openqa.selenium.remote.HttpCommandExecutor.execute(HttpCommandExecutor.java:158)&#xa;	at org.openqa.selenium.remote.service.DriverCommandExecutor.execute(DriverCommandExecutor.java:83)&#xa;	at org.openqa.selenium.remote.RemoteWebDriver.execute(RemoteWebDriver.java:552)&#xa;	at com.kms.katalon.selenium.driver.CChromeDriver.execute(CChromeDriver.java:19)&#xa;	at org.openqa.selenium.remote.RemoteWebElement.execute(RemoteWebElement.java:285)&#xa;	at org.openqa.selenium.remote.RemoteWebElement.clear(RemoteWebElement.java:124)&#xa;	at java.base/jdk.internal.reflect.NativeMethodAccessorImpl.invoke0(Native Method)&#xa;	at java.base/jdk.internal.reflect.NativeMethodAccessorImpl.invoke(NativeMethodAccessorImpl.java:77)&#xa;	at java.base/jdk.internal.reflect.DelegatingMethodAccessorImpl.invoke(DelegatingMethodAccessorImpl.java:43)&#xa;	at org.openqa.selenium.support.events.EventFiringWebDriver$EventFiringWebElement.lambda$new$0(EventFiringWebDriver.java:404)&#xa;	at jdk.proxy2/jdk.proxy2.$Proxy26.clear(Unknown Source)&#xa;	at org.openqa.selenium.support.events.EventFiringWebDriver$EventFiringWebElement.clear(EventFiringWebDriver.java:436)&#xa;	at com.kms.katalon.core.webui.keyword.builtin.SetEncryptedTextKeyword$_setEncryptedText_closure1.doCall(SetEncryptedTextKeyword.groovy:54)&#xa;	at com.kms.katalon.core.webui.keyword.builtin.SetEncryptedTextKeyword$_setEncryptedText_closure1.call(SetEncryptedTextKeyword.groovy)&#xa;	at com.kms.katalon.core.webui.keyword.internal.WebUIKeywordMain.runKeyword(WebUIKeywordMain.groovy:20)&#xa;	... 23 more&#xa;"/>
         <system-out><![CDATA[07-02-2024T20:27:58 - [TEST_CASE][FAILED] - Test Cases/TC_Amazon_Home_002: Test Cases/TC_Amazon_Home_002 FAILED.
Reason:
com.kms.katalon.core.exception.StepFailedException: Unable to set encrypted text for object 'Object Repository/TC_Amazon_Home_002_OR/Page_Amazon Sign-In/input_password'
	at com.kms.katalon.core.webui.keyword.internal.WebUIKeywordMain.stepFailed(WebUIKeywordMain.groovy:64)
	at com.kms.katalon.core.webui.keyword.internal.WebUIKeywordMain.runKeyword(WebUIKeywordMain.groovy:26)
	at com.kms.katalon.core.webui.keyword.builtin.SetEncryptedTextKeyword.setEncryptedText(SetEncryptedTextKeyword.groovy:65)
	at com.kms.katalon.core.webui.keyword.builtin.SetEncryptedTextKeyword.execute(SetEncryptedTextKeyword.groovy:34)
	at com.kms.katalon.core.keyword.internal.KeywordExecutor.executeKeywordForPlatform(KeywordExecutor.groovy:74)
	at com.kms.katalon.core.webui.keyword.WebUiBuiltInKeywords.setEncryptedText(WebUiBuiltInKeywords.groovy:1050)
	at TC_Amazon_Home_002.run(TC_Amazon_Home_002:30)
	at com.kms.katalon.core.main.ScriptEngine.run(ScriptEngine.java:194)
	at com.kms.katalon.core.main.ScriptEngine.runScriptAsRawText(ScriptEngine.java:119)
	at com.kms.katalon.core.main.TestCaseExecutor.runScript(TestCaseExecutor.java:448)
	at com.kms.katalon.core.main.TestCaseExecutor.doExecute(TestCaseExecutor.java:439)
	at com.kms.katalon.core.main.TestCaseExecutor.processExecutionPhase(TestCaseExecutor.java:418)
	at com.kms.katalon.core.main.TestCaseExecutor.accessMainPhase(TestCaseExecutor.java:410)
	at com.kms.katalon.core.main.TestCaseExecutor.execute(TestCaseExecutor.java:285)
	at com.kms.katalon.core.main.TestCaseExecutor.execute(TestCaseExecutor.java:369)
	at com.kms.katalon.core.main.TestCaseExecutor.execute(TestCaseExecutor.java:369)
	at com.kms.katalon.core.main.TestCaseExecutor.execute(TestCaseExecutor.java:369)
	at com.kms.katalon.core.common.CommonExecutor.accessTestCaseMainPhase(CommonExecutor.java:65)
	at com.kms.katalon.core.main.TestSuiteExecutor.accessTestSuiteMainPhase(TestSuiteExecutor.java:148)
	at com.kms.katalon.core.main.TestSuiteExecutor.execute(TestSuiteExecutor.java:106)
	at com.kms.katalon.core.main.TestCaseMain.startTestSuite(TestCaseMain.java:180)
	at TempTestSuite1707317673028.run(TempTestSuite1707317673028.groovy:36)
	at java.base/jdk.internal.reflect.NativeMethodAccessorImpl.invoke0(Native Method)
	at java.base/jdk.internal.reflect.NativeMethodAccessorImpl.invoke(NativeMethodAccessorImpl.java:77)
	at java.base/jdk.internal.reflect.DelegatingMethodAccessorImpl.invoke(DelegatingMethodAccessorImpl.java:43)
Caused by: org.openqa.selenium.InvalidElementStateException: invalid element state
  (Session info: chrome=121.0.6167.140)
Build info: version: '3.141.59', revision: 'e82be7d358', time: '2018-11-14T08:25:53'
System info: host: 'DESKTOP-J3VHVG2', ip: '192.168.1.4', os.name: 'Windows 10', os.arch: 'amd64', os.version: '10.0', java.version: '17.0.7'
Driver info: com.kms.katalon.selenium.driver.CChromeDriver
Capabilities {acceptInsecureCerts: false, browserName: chrome, browserVersion: 121.0.6167.140, chrome: {chromedriverVersion: 121.0.6167.85 (3f98d690ad7e..., userDataDir: C:\Users\JANU\AppData\Local...}, fedcm:accounts: true, goog:chromeOptions: {debuggerAddress: localhost:58779}, javascriptEnabled: true, networkConnectionEnabled: false, pageLoadStrategy: normal, platform: WINDOWS, platformName: WINDOWS, proxy: Proxy(), setWindowRect: true, strictFileInteractability: false, timeouts: {implicit: 0, pageLoad: 300000, script: 30000}, unhandledPromptBehavior: dismiss and notify, webauthn:extension:credBlob: true, webauthn:extension:largeBlob: true, webauthn:extension:minPinLength: true, webauthn:extension:prf: true, webauthn:virtualAuthenticators: true}
Session ID: 76499173ca2294003d9d41adde1199fb
	at java.base/jdk.internal.reflect.NativeConstructorAccessorImpl.newInstance0(Native Method)
	at java.base/jdk.internal.reflect.NativeConstructorAccessorImpl.newInstance(NativeConstructorAccessorImpl.java:77)
	at java.base/jdk.internal.reflect.DelegatingConstructorAccessorImpl.newInstance(DelegatingConstructorAccessorImpl.java:45)
	at org.openqa.selenium.remote.http.W3CHttpResponseCodec.createException(W3CHttpResponseCodec.java:187)
	at org.openqa.selenium.remote.http.W3CHttpResponseCodec.decode(W3CHttpResponseCodec.java:122)
	at org.openqa.selenium.remote.http.W3CHttpResponseCodec.decode(W3CHttpResponseCodec.java:49)
	at org.openqa.selenium.remote.HttpCommandExecutor.execute(HttpCommandExecutor.java:158)
	at org.openqa.selenium.remote.service.DriverCommandExecutor.execute(DriverCommandExecutor.java:83)
	at org.openqa.selenium.remote.RemoteWebDriver.execute(RemoteWebDriver.java:552)
	at com.kms.katalon.selenium.driver.CChromeDriver.execute(CChromeDriver.java:19)
	at org.openqa.selenium.remote.RemoteWebElement.execute(RemoteWebElement.java:285)
	at org.openqa.selenium.remote.RemoteWebElement.clear(RemoteWebElement.java:124)
	at java.base/jdk.internal.reflect.NativeMethodAccessorImpl.invoke0(Native Method)
	at java.base/jdk.internal.reflect.NativeMethodAccessorImpl.invoke(NativeMethodAccessorImpl.java:77)
	at java.base/jdk.internal.reflect.DelegatingMethodAccessorImpl.invoke(DelegatingMethodAccessorImpl.java:43)
	at org.openqa.selenium.support.events.EventFiringWebDriver$EventFiringWebElement.lambda$new$0(EventFiringWebDriver.java:404)
	at jdk.proxy2/jdk.proxy2.$Proxy26.clear(Unknown Source)
	at org.openqa.selenium.support.events.EventFiringWebDriver$EventFiringWebElement.clear(EventFiringWebDriver.java:436)
	at com.kms.katalon.core.webui.keyword.builtin.SetEncryptedTextKeyword$_setEncryptedText_closure1.doCall(SetEncryptedTextKeyword.groovy:54)
	at com.kms.katalon.core.webui.keyword.builtin.SetEncryptedTextKeyword$_setEncryptedText_closure1.call(SetEncryptedTextKeyword.groovy)
	at com.kms.katalon.core.webui.keyword.internal.WebUIKeywordMain.runKeyword(WebUIKeywordMain.groovy:20)
	... 23 more


07-02-2024T20:27:59 - [TEST_STEP][PASSED] - Start listener action : sampleBeforeTestCase: Object: 'Object Repository/TC_TL_Wishlist_OR/Page_Amazon Sign-In/inputsignInSubmit' is clicked on

07-02-2024T20:27:59 - [TEST_STEP][PASSED] - setText(findTestObject("Object Repository/TC_TL_Wishlist_OR/Page_Amazon Sign-In/input_email"), "gummallajahnavi2002@gmail.com"): Text 'gummallajahnavi2002@gmail.com' is set on object 'Object Repository/TC_TL_Wishlist_OR/Page_Amazon Sign-In/input_email'

07-02-2024T20:28:00 - [MESSAGE][PASSED] - Text 'gummallajahnavi2002@gmail.com' is set on object 'Object Repository/TC_TL_Wishlist_OR/Page_Amazon Sign-In/input_email'

07-02-2024T20:28:00 - [TEST_STEP][PASSED] - click(findTestObject("Object Repository/TC_TL_Wishlist_OR/Page_Amazon Sign-In/inputcontinue")): Object: 'Object Repository/TC_TL_Wishlist_OR/Page_Amazon Sign-In/inputcontinue' is clicked on

07-02-2024T20:28:02 - [MESSAGE][PASSED] - Object: 'Object Repository/TC_TL_Wishlist_OR/Page_Amazon Sign-In/inputcontinue' is clicked on

07-02-2024T20:28:02 - [TEST_STEP][PASSED] - setEncryptedText(findTestObject("Object Repository/TC_TL_Wishlist_OR/Page_Amazon Sign-In/input_password"), "RY21l9ks7eId//V36v5VDA=="): Text ****** has been set on object 'Object Repository/TC_TL_Wishlist_OR/Page_Amazon Sign-In/input_password'

07-02-2024T20:28:03 - [MESSAGE][PASSED] - Text ****** has been set on object 'Object Repository/TC_TL_Wishlist_OR/Page_Amazon Sign-In/input_password'

07-02-2024T20:28:03 - [TEST_STEP][PASSED] - click(findTestObject("Object Repository/TC_TL_Wishlist_OR/Page_Amazon Sign-In/inputsignInSubmit")): Object: 'Object Repository/TC_TL_Wishlist_OR/Page_Amazon Sign-In/inputsignInSubmit' is clicked on

07-02-2024T20:28:04 - [MESSAGE][PASSED] - Object: 'Object Repository/TC_TL_Wishlist_OR/Page_Amazon Sign-In/inputsignInSubmit' is clicked on

07-02-2024T20:28:04 - [TEST_STEP][FAILED] - setEncryptedText(findTestObject("Object Repository/TC_Amazon_Home_002_OR/Page_Amazon Sign-In/input_password"), "RY21l9ks7eId//V36v5VDA=="): Unable to set encrypted text for object 'Object Repository/TC_Amazon_Home_002_OR/Page_Amazon Sign-In/input_password' (Root cause: com.kms.katalon.core.exception.StepFailedException: Unable to set encrypted text for object 'Object Repository/TC_Amazon_Home_002_OR/Page_Amazon Sign-In/input_password'
	at com.kms.katalon.core.webui.keyword.internal.WebUIKeywordMain.stepFailed(WebUIKeywordMain.groovy:64)
	at com.kms.katalon.core.webui.keyword.internal.WebUIKeywordMain.runKeyword(WebUIKeywordMain.groovy:26)
	at com.kms.katalon.core.webui.keyword.builtin.SetEncryptedTextKeyword.setEncryptedText(SetEncryptedTextKeyword.groovy:65)
	at com.kms.katalon.core.webui.keyword.builtin.SetEncryptedTextKeyword.execute(SetEncryptedTextKeyword.groovy:34)
	at com.kms.katalon.core.keyword.internal.KeywordExecutor.executeKeywordForPlatform(KeywordExecutor.groovy:74)
	at com.kms.katalon.core.webui.keyword.WebUiBuiltInKeywords.setEncryptedText(WebUiBuiltInKeywords.groovy:1050)
	at TC_Amazon_Home_002.run(TC_Amazon_Home_002:30)
	at com.kms.katalon.core.main.ScriptEngine.run(ScriptEngine.java:194)
	at com.kms.katalon.core.main.ScriptEngine.runScriptAsRawText(ScriptEngine.java:119)
	at com.kms.katalon.core.main.TestCaseExecutor.runScript(TestCaseExecutor.java:448)
	at com.kms.katalon.core.main.TestCaseExecutor.doExecute(TestCaseExecutor.java:439)
	at com.kms.katalon.core.main.TestCaseExecutor.processExecutionPhase(TestCaseExecutor.java:418)
	at com.kms.katalon.core.main.TestCaseExecutor.accessMainPhase(TestCaseExecutor.java:410)
	at com.kms.katalon.core.main.TestCaseExecutor.execute(TestCaseExecutor.java:285)
	at com.kms.katalon.core.main.TestCaseExecutor.execute(TestCaseExecutor.java:369)
	at com.kms.katalon.core.main.TestCaseExecutor.execute(TestCaseExecutor.java:369)
	at com.kms.katalon.core.main.TestCaseExecutor.execute(TestCaseExecutor.java:369)
	at com.kms.katalon.core.common.CommonExecutor.accessTestCaseMainPhase(CommonExecutor.java:65)
	at com.kms.katalon.core.main.TestSuiteExecutor.accessTestSuiteMainPhase(TestSuiteExecutor.java:148)
	at com.kms.katalon.core.main.TestSuiteExecutor.execute(TestSuiteExecutor.java:106)
	at com.kms.katalon.core.main.TestCaseMain.startTestSuite(TestCaseMain.java:180)
	at TempTestSuite1707317673028.run(TempTestSuite1707317673028.groovy:36)
	at java.base/jdk.internal.reflect.NativeMethodAccessorImpl.invoke0(Native Method)
	at java.base/jdk.internal.reflect.NativeMethodAccessorImpl.invoke(NativeMethodAccessorImpl.java:77)
	at java.base/jdk.internal.reflect.DelegatingMethodAccessorImpl.invoke(DelegatingMethodAccessorImpl.java:43)
Caused by: org.openqa.selenium.InvalidElementStateException: invalid element state
  (Session info: chrome=121.0.6167.140)
Build info: version: '3.141.59', revision: 'e82be7d358', time: '2018-11-14T08:25:53'
System info: host: 'DESKTOP-J3VHVG2', ip: '192.168.1.4', os.name: 'Windows 10', os.arch: 'amd64', os.version: '10.0', java.version: '17.0.7'
Driver info: com.kms.katalon.selenium.driver.CChromeDriver
Capabilities {acceptInsecureCerts: false, browserName: chrome, browserVersion: 121.0.6167.140, chrome: {chromedriverVersion: 121.0.6167.85 (3f98d690ad7e..., userDataDir: C:\Users\JANU\AppData\Local...}, fedcm:accounts: true, goog:chromeOptions: {debuggerAddress: localhost:58779}, javascriptEnabled: true, networkConnectionEnabled: false, pageLoadStrategy: normal, platform: WINDOWS, platformName: WINDOWS, proxy: Proxy(), setWindowRect: true, strictFileInteractability: false, timeouts: {implicit: 0, pageLoad: 300000, script: 30000}, unhandledPromptBehavior: dismiss and notify, webauthn:extension:credBlob: true, webauthn:extension:largeBlob: true, webauthn:extension:minPinLength: true, webauthn:extension:prf: true, webauthn:virtualAuthenticators: true}
Session ID: 76499173ca2294003d9d41adde1199fb
	at java.base/jdk.internal.reflect.NativeConstructorAccessorImpl.newInstance0(Native Method)
	at java.base/jdk.internal.reflect.NativeConstructorAccessorImpl.newInstance(NativeConstructorAccessorImpl.java:77)
	at java.base/jdk.internal.reflect.DelegatingConstructorAccessorImpl.newInstance(DelegatingConstructorAccessorImpl.java:45)
	at org.openqa.selenium.remote.http.W3CHttpResponseCodec.createException(W3CHttpResponseCodec.java:187)
	at org.openqa.selenium.remote.http.W3CHttpResponseCodec.decode(W3CHttpResponseCodec.java:122)
	at org.openqa.selenium.remote.http.W3CHttpResponseCodec.decode(W3CHttpResponseCodec.java:49)
	at org.openqa.selenium.remote.HttpCommandExecutor.execute(HttpCommandExecutor.java:158)
	at org.openqa.selenium.remote.service.DriverCommandExecutor.execute(DriverCommandExecutor.java:83)
	at org.openqa.selenium.remote.RemoteWebDriver.execute(RemoteWebDriver.java:552)
	at com.kms.katalon.selenium.driver.CChromeDriver.execute(CChromeDriver.java:19)
	at org.openqa.selenium.remote.RemoteWebElement.execute(RemoteWebElement.java:285)
	at org.openqa.selenium.remote.RemoteWebElement.clear(RemoteWebElement.java:124)
	at java.base/jdk.internal.reflect.NativeMethodAccessorImpl.invoke0(Native Method)
	at java.base/jdk.internal.reflect.NativeMethodAccessorImpl.invoke(NativeMethodAccessorImpl.java:77)
	at java.base/jdk.internal.reflect.DelegatingMethodAccessorImpl.invoke(DelegatingMethodAccessorImpl.java:43)
	at org.openqa.selenium.support.events.EventFiringWebDriver$EventFiringWebElement.lambda$new$0(EventFiringWebDriver.java:404)
	at jdk.proxy2/jdk.proxy2.$Proxy26.clear(Unknown Source)
	at org.openqa.selenium.support.events.EventFiringWebDriver$EventFiringWebElement.clear(EventFiringWebDriver.java:436)
	at com.kms.katalon.core.webui.keyword.builtin.SetEncryptedTextKeyword$_setEncryptedText_closure1.doCall(SetEncryptedTextKeyword.groovy:54)
	at com.kms.katalon.core.webui.keyword.builtin.SetEncryptedTextKeyword$_setEncryptedText_closure1.call(SetEncryptedTextKeyword.groovy)
	at com.kms.katalon.core.webui.keyword.internal.WebUIKeywordMain.runKeyword(WebUIKeywordMain.groovy:20)
	at com.kms.katalon.core.webui.keyword.builtin.SetEncryptedTextKeyword.setEncryptedText(SetEncryptedTextKeyword.groovy:65)
	at com.kms.katalon.core.webui.keyword.builtin.SetEncryptedTextKeyword.execute(SetEncryptedTextKeyword.groovy:34)
	at com.kms.katalon.core.keyword.internal.KeywordExecutor.executeKeywordForPlatform(KeywordExecutor.groovy:74)
	at com.kms.katalon.core.webui.keyword.WebUiBuiltInKeywords.setEncryptedText(WebUiBuiltInKeywords.groovy:1050)
	at Script1706628771709.run(Script1706628771709.groovy:30)
	... 18 more
)

07-02-2024T20:28:35 - [MESSAGE][INFO] - Unable to find the element located by 'By.xpath: //input[@id='ap_password']'. Please recheck the objects properties to make sure the desired element is located. 

07-02-2024T20:28:35 - [MESSAGE][WARNING] - [SELF-HEALING] Failed to find element with id 'Object Repository/TC_Amazon_Home_002_OR/Page_Amazon Sign-In/input_password'. Try using Self-healing.

07-02-2024T20:28:36 - [MESSAGE][WARNING] - [SELF-HEALING] The current locator of test object 'Object Repository/TC_Amazon_Home_002_OR/Page_Amazon Sign-In/input_password' was broken. Propose an alternative one: '//div/div/input'.

07-02-2024T20:28:36 - [MESSAGE][FAILED] - Unable to set encrypted text for object 'Object Repository/TC_Amazon_Home_002_OR/Page_Amazon Sign-In/input_password' (Root cause: com.kms.katalon.core.exception.StepFailedException: Unable to set encrypted text for object 'Object Repository/TC_Amazon_Home_002_OR/Page_Amazon Sign-In/input_password'
	at com.kms.katalon.core.webui.keyword.internal.WebUIKeywordMain.stepFailed(WebUIKeywordMain.groovy:64)
	at com.kms.katalon.core.webui.keyword.internal.WebUIKeywordMain.runKeyword(WebUIKeywordMain.groovy:26)
	at com.kms.katalon.core.webui.keyword.builtin.SetEncryptedTextKeyword.setEncryptedText(SetEncryptedTextKeyword.groovy:65)
	at com.kms.katalon.core.webui.keyword.builtin.SetEncryptedTextKeyword.execute(SetEncryptedTextKeyword.groovy:34)
	at com.kms.katalon.core.keyword.internal.KeywordExecutor.executeKeywordForPlatform(KeywordExecutor.groovy:74)
	at com.kms.katalon.core.webui.keyword.WebUiBuiltInKeywords.setEncryptedText(WebUiBuiltInKeywords.groovy:1050)
	at TC_Amazon_Home_002.run(TC_Amazon_Home_002:30)
	at com.kms.katalon.core.main.ScriptEngine.run(ScriptEngine.java:194)
	at com.kms.katalon.core.main.ScriptEngine.runScriptAsRawText(ScriptEngine.java:119)
	at com.kms.katalon.core.main.TestCaseExecutor.runScript(TestCaseExecutor.java:448)
	at com.kms.katalon.core.main.TestCaseExecutor.doExecute(TestCaseExecutor.java:439)
	at com.kms.katalon.core.main.TestCaseExecutor.processExecutionPhase(TestCaseExecutor.java:418)
	at com.kms.katalon.core.main.TestCaseExecutor.accessMainPhase(TestCaseExecutor.java:410)
	at com.kms.katalon.core.main.TestCaseExecutor.execute(TestCaseExecutor.java:285)
	at com.kms.katalon.core.main.TestCaseExecutor.execute(TestCaseExecutor.java:369)
	at com.kms.katalon.core.main.TestCaseExecutor.execute(TestCaseExecutor.java:369)
	at com.kms.katalon.core.main.TestCaseExecutor.execute(TestCaseExecutor.java:369)
	at com.kms.katalon.core.common.CommonExecutor.accessTestCaseMainPhase(CommonExecutor.java:65)
	at com.kms.katalon.core.main.TestSuiteExecutor.accessTestSuiteMainPhase(TestSuiteExecutor.java:148)
	at com.kms.katalon.core.main.TestSuiteExecutor.execute(TestSuiteExecutor.java:106)
	at com.kms.katalon.core.main.TestCaseMain.startTestSuite(TestCaseMain.java:180)
	at TempTestSuite1707317673028.run(TempTestSuite1707317673028.groovy:36)
	at java.base/jdk.internal.reflect.NativeMethodAccessorImpl.invoke0(Native Method)
	at java.base/jdk.internal.reflect.NativeMethodAccessorImpl.invoke(NativeMethodAccessorImpl.java:77)
	at java.base/jdk.internal.reflect.DelegatingMethodAccessorImpl.invoke(DelegatingMethodAccessorImpl.java:43)
Caused by: org.openqa.selenium.InvalidElementStateException: invalid element state
  (Session info: chrome=121.0.6167.140)
Build info: version: '3.141.59', revision: 'e82be7d358', time: '2018-11-14T08:25:53'
System info: host: 'DESKTOP-J3VHVG2', ip: '192.168.1.4', os.name: 'Windows 10', os.arch: 'amd64', os.version: '10.0', java.version: '17.0.7'
Driver info: com.kms.katalon.selenium.driver.CChromeDriver
Capabilities {acceptInsecureCerts: false, browserName: chrome, browserVersion: 121.0.6167.140, chrome: {chromedriverVersion: 121.0.6167.85 (3f98d690ad7e..., userDataDir: C:\Users\JANU\AppData\Local...}, fedcm:accounts: true, goog:chromeOptions: {debuggerAddress: localhost:58779}, javascriptEnabled: true, networkConnectionEnabled: false, pageLoadStrategy: normal, platform: WINDOWS, platformName: WINDOWS, proxy: Proxy(), setWindowRect: true, strictFileInteractability: false, timeouts: {implicit: 0, pageLoad: 300000, script: 30000}, unhandledPromptBehavior: dismiss and notify, webauthn:extension:credBlob: true, webauthn:extension:largeBlob: true, webauthn:extension:minPinLength: true, webauthn:extension:prf: true, webauthn:virtualAuthenticators: true}
Session ID: 76499173ca2294003d9d41adde1199fb
	at java.base/jdk.internal.reflect.NativeConstructorAccessorImpl.newInstance0(Native Method)
	at java.base/jdk.internal.reflect.NativeConstructorAccessorImpl.newInstance(NativeConstructorAccessorImpl.java:77)
	at java.base/jdk.internal.reflect.DelegatingConstructorAccessorImpl.newInstance(DelegatingConstructorAccessorImpl.java:45)
	at org.openqa.selenium.remote.http.W3CHttpResponseCodec.createException(W3CHttpResponseCodec.java:187)
	at org.openqa.selenium.remote.http.W3CHttpResponseCodec.decode(W3CHttpResponseCodec.java:122)
	at org.openqa.selenium.remote.http.W3CHttpResponseCodec.decode(W3CHttpResponseCodec.java:49)
	at org.openqa.selenium.remote.HttpCommandExecutor.execute(HttpCommandExecutor.java:158)
	at org.openqa.selenium.remote.service.DriverCommandExecutor.execute(DriverCommandExecutor.java:83)
	at org.openqa.selenium.remote.RemoteWebDriver.execute(RemoteWebDriver.java:552)
	at com.kms.katalon.selenium.driver.CChromeDriver.execute(CChromeDriver.java:19)
	at org.openqa.selenium.remote.RemoteWebElement.execute(RemoteWebElement.java:285)
	at org.openqa.selenium.remote.RemoteWebElement.clear(RemoteWebElement.java:124)
	at java.base/jdk.internal.reflect.NativeMethodAccessorImpl.invoke0(Native Method)
	at java.base/jdk.internal.reflect.NativeMethodAccessorImpl.invoke(NativeMethodAccessorImpl.java:77)
	at java.base/jdk.internal.reflect.DelegatingMethodAccessorImpl.invoke(DelegatingMethodAccessorImpl.java:43)
	at org.openqa.selenium.support.events.EventFiringWebDriver$EventFiringWebElement.lambda$new$0(EventFiringWebDriver.java:404)
	at jdk.proxy2/jdk.proxy2.$Proxy26.clear(Unknown Source)
	at org.openqa.selenium.support.events.EventFiringWebDriver$EventFiringWebElement.clear(EventFiringWebDriver.java:436)
	at com.kms.katalon.core.webui.keyword.builtin.SetEncryptedTextKeyword$_setEncryptedText_closure1.doCall(SetEncryptedTextKeyword.groovy:54)
	at com.kms.katalon.core.webui.keyword.builtin.SetEncryptedTextKeyword$_setEncryptedText_closure1.call(SetEncryptedTextKeyword.groovy)
	at com.kms.katalon.core.webui.keyword.internal.WebUIKeywordMain.runKeyword(WebUIKeywordMain.groovy:20)
	at com.kms.katalon.core.webui.keyword.builtin.SetEncryptedTextKeyword.setEncryptedText(SetEncryptedTextKeyword.groovy:65)
	at com.kms.katalon.core.webui.keyword.builtin.SetEncryptedTextKeyword.execute(SetEncryptedTextKeyword.groovy:34)
	at com.kms.katalon.core.keyword.internal.KeywordExecutor.executeKeywordForPlatform(KeywordExecutor.groovy:74)
	at com.kms.katalon.core.webui.keyword.WebUiBuiltInKeywords.setEncryptedText(WebUiBuiltInKeywords.groovy:1050)
	at Script1706628771709.run(Script1706628771709.groovy:30)
	... 18 more
)
[[ATTACHMENT|C:\\Users\\JANU\\git\\Katalon_Automation_Testing_SB_GitHub\\Reports\\20240207_202433\\Amazon_TestSuite\\20240207_202433\\1707317916186.png]]

07-02-2024T20:28:36 - [TEST_STEP][PASSED] - Start listener action : sampleAfterTestCase: Object: 'Object Repository/TC_TL_Wishlist_OR/Page_Amazon.com/a_Sign Out' is clicked on

07-02-2024T20:28:36 - [TEST_STEP][PASSED] - click(findTestObject("Object Repository/TC_TL_Wishlist_OR/Page_Amazon.com/span_All")): Object: 'Object Repository/TC_TL_Wishlist_OR/Page_Amazon.com/span_All' is clicked on

07-02-2024T20:28:37 - [MESSAGE][PASSED] - Object: 'Object Repository/TC_TL_Wishlist_OR/Page_Amazon.com/span_All' is clicked on

07-02-2024T20:28:37 - [TEST_STEP][PASSED] - click(findTestObject("Object Repository/TC_TL_Wishlist_OR/Page_Amazon.com/a_Sign Out")): Object: 'Object Repository/TC_TL_Wishlist_OR/Page_Amazon.com/a_Sign Out' is clicked on

07-02-2024T20:28:40 - [MESSAGE][PASSED] - Object: 'Object Repository/TC_TL_Wishlist_OR/Page_Amazon.com/a_Sign Out' is clicked on]]></system-out>
         <system-err><![CDATA[07-02-2024T20:27:58 - [TEST_CASE][FAILED] - Test Cases/TC_Amazon_Home_002: Test Cases/TC_Amazon_Home_002 FAILED.
Reason:
com.kms.katalon.core.exception.StepFailedException: Unable to set encrypted text for object 'Object Repository/TC_Amazon_Home_002_OR/Page_Amazon Sign-In/input_password'
	at com.kms.katalon.core.webui.keyword.internal.WebUIKeywordMain.stepFailed(WebUIKeywordMain.groovy:64)
	at com.kms.katalon.core.webui.keyword.internal.WebUIKeywordMain.runKeyword(WebUIKeywordMain.groovy:26)
	at com.kms.katalon.core.webui.keyword.builtin.SetEncryptedTextKeyword.setEncryptedText(SetEncryptedTextKeyword.groovy:65)
	at com.kms.katalon.core.webui.keyword.builtin.SetEncryptedTextKeyword.execute(SetEncryptedTextKeyword.groovy:34)
	at com.kms.katalon.core.keyword.internal.KeywordExecutor.executeKeywordForPlatform(KeywordExecutor.groovy:74)
	at com.kms.katalon.core.webui.keyword.WebUiBuiltInKeywords.setEncryptedText(WebUiBuiltInKeywords.groovy:1050)
	at TC_Amazon_Home_002.run(TC_Amazon_Home_002:30)
	at com.kms.katalon.core.main.ScriptEngine.run(ScriptEngine.java:194)
	at com.kms.katalon.core.main.ScriptEngine.runScriptAsRawText(ScriptEngine.java:119)
	at com.kms.katalon.core.main.TestCaseExecutor.runScript(TestCaseExecutor.java:448)
	at com.kms.katalon.core.main.TestCaseExecutor.doExecute(TestCaseExecutor.java:439)
	at com.kms.katalon.core.main.TestCaseExecutor.processExecutionPhase(TestCaseExecutor.java:418)
	at com.kms.katalon.core.main.TestCaseExecutor.accessMainPhase(TestCaseExecutor.java:410)
	at com.kms.katalon.core.main.TestCaseExecutor.execute(TestCaseExecutor.java:285)
	at com.kms.katalon.core.main.TestCaseExecutor.execute(TestCaseExecutor.java:369)
	at com.kms.katalon.core.main.TestCaseExecutor.execute(TestCaseExecutor.java:369)
	at com.kms.katalon.core.main.TestCaseExecutor.execute(TestCaseExecutor.java:369)
	at com.kms.katalon.core.common.CommonExecutor.accessTestCaseMainPhase(CommonExecutor.java:65)
	at com.kms.katalon.core.main.TestSuiteExecutor.accessTestSuiteMainPhase(TestSuiteExecutor.java:148)
	at com.kms.katalon.core.main.TestSuiteExecutor.execute(TestSuiteExecutor.java:106)
	at com.kms.katalon.core.main.TestCaseMain.startTestSuite(TestCaseMain.java:180)
	at TempTestSuite1707317673028.run(TempTestSuite1707317673028.groovy:36)
	at java.base/jdk.internal.reflect.NativeMethodAccessorImpl.invoke0(Native Method)
	at java.base/jdk.internal.reflect.NativeMethodAccessorImpl.invoke(NativeMethodAccessorImpl.java:77)
	at java.base/jdk.internal.reflect.DelegatingMethodAccessorImpl.invoke(DelegatingMethodAccessorImpl.java:43)
Caused by: org.openqa.selenium.InvalidElementStateException: invalid element state
  (Session info: chrome=121.0.6167.140)
Build info: version: '3.141.59', revision: 'e82be7d358', time: '2018-11-14T08:25:53'
System info: host: 'DESKTOP-J3VHVG2', ip: '192.168.1.4', os.name: 'Windows 10', os.arch: 'amd64', os.version: '10.0', java.version: '17.0.7'
Driver info: com.kms.katalon.selenium.driver.CChromeDriver
Capabilities {acceptInsecureCerts: false, browserName: chrome, browserVersion: 121.0.6167.140, chrome: {chromedriverVersion: 121.0.6167.85 (3f98d690ad7e..., userDataDir: C:\Users\JANU\AppData\Local...}, fedcm:accounts: true, goog:chromeOptions: {debuggerAddress: localhost:58779}, javascriptEnabled: true, networkConnectionEnabled: false, pageLoadStrategy: normal, platform: WINDOWS, platformName: WINDOWS, proxy: Proxy(), setWindowRect: true, strictFileInteractability: false, timeouts: {implicit: 0, pageLoad: 300000, script: 30000}, unhandledPromptBehavior: dismiss and notify, webauthn:extension:credBlob: true, webauthn:extension:largeBlob: true, webauthn:extension:minPinLength: true, webauthn:extension:prf: true, webauthn:virtualAuthenticators: true}
Session ID: 76499173ca2294003d9d41adde1199fb
	at java.base/jdk.internal.reflect.NativeConstructorAccessorImpl.newInstance0(Native Method)
	at java.base/jdk.internal.reflect.NativeConstructorAccessorImpl.newInstance(NativeConstructorAccessorImpl.java:77)
	at java.base/jdk.internal.reflect.DelegatingConstructorAccessorImpl.newInstance(DelegatingConstructorAccessorImpl.java:45)
	at org.openqa.selenium.remote.http.W3CHttpResponseCodec.createException(W3CHttpResponseCodec.java:187)
	at org.openqa.selenium.remote.http.W3CHttpResponseCodec.decode(W3CHttpResponseCodec.java:122)
	at org.openqa.selenium.remote.http.W3CHttpResponseCodec.decode(W3CHttpResponseCodec.java:49)
	at org.openqa.selenium.remote.HttpCommandExecutor.execute(HttpCommandExecutor.java:158)
	at org.openqa.selenium.remote.service.DriverCommandExecutor.execute(DriverCommandExecutor.java:83)
	at org.openqa.selenium.remote.RemoteWebDriver.execute(RemoteWebDriver.java:552)
	at com.kms.katalon.selenium.driver.CChromeDriver.execute(CChromeDriver.java:19)
	at org.openqa.selenium.remote.RemoteWebElement.execute(RemoteWebElement.java:285)
	at org.openqa.selenium.remote.RemoteWebElement.clear(RemoteWebElement.java:124)
	at java.base/jdk.internal.reflect.NativeMethodAccessorImpl.invoke0(Native Method)
	at java.base/jdk.internal.reflect.NativeMethodAccessorImpl.invoke(NativeMethodAccessorImpl.java:77)
	at java.base/jdk.internal.reflect.DelegatingMethodAccessorImpl.invoke(DelegatingMethodAccessorImpl.java:43)
	at org.openqa.selenium.support.events.EventFiringWebDriver$EventFiringWebElement.lambda$new$0(EventFiringWebDriver.java:404)
	at jdk.proxy2/jdk.proxy2.$Proxy26.clear(Unknown Source)
	at org.openqa.selenium.support.events.EventFiringWebDriver$EventFiringWebElement.clear(EventFiringWebDriver.java:436)
	at com.kms.katalon.core.webui.keyword.builtin.SetEncryptedTextKeyword$_setEncryptedText_closure1.doCall(SetEncryptedTextKeyword.groovy:54)
	at com.kms.katalon.core.webui.keyword.builtin.SetEncryptedTextKeyword$_setEncryptedText_closure1.call(SetEncryptedTextKeyword.groovy)
	at com.kms.katalon.core.webui.keyword.internal.WebUIKeywordMain.runKeyword(WebUIKeywordMain.groovy:20)
	... 23 more]]></system-err>
      </testcase>
      <testcase name="Test Cases/TC_Amazon_Home_003" time="45.15" classname="Test Cases/TC_Amazon_Home_003" status="PASSED">
         <system-out><![CDATA[07-02-2024T20:28:40 - [TEST_CASE][PASSED] - Test Cases/TC_Amazon_Home_003: Test Cases/TC_Amazon_Home_003

07-02-2024T20:28:40 - [TEST_STEP][PASSED] - Start listener action : sampleBeforeTestCase: Object: 'Object Repository/TC_TL_Wishlist_OR/Page_Amazon Sign-In/inputsignInSubmit' is clicked on

07-02-2024T20:28:40 - [TEST_STEP][PASSED] - setText(findTestObject("Object Repository/TC_TL_Wishlist_OR/Page_Amazon Sign-In/input_email"), "gummallajahnavi2002@gmail.com"): Text 'gummallajahnavi2002@gmail.com' is set on object 'Object Repository/TC_TL_Wishlist_OR/Page_Amazon Sign-In/input_email'

07-02-2024T20:28:42 - [MESSAGE][PASSED] - Text 'gummallajahnavi2002@gmail.com' is set on object 'Object Repository/TC_TL_Wishlist_OR/Page_Amazon Sign-In/input_email'

07-02-2024T20:28:42 - [TEST_STEP][PASSED] - click(findTestObject("Object Repository/TC_TL_Wishlist_OR/Page_Amazon Sign-In/inputcontinue")): Object: 'Object Repository/TC_TL_Wishlist_OR/Page_Amazon Sign-In/inputcontinue' is clicked on

07-02-2024T20:28:44 - [MESSAGE][PASSED] - Object: 'Object Repository/TC_TL_Wishlist_OR/Page_Amazon Sign-In/inputcontinue' is clicked on

07-02-2024T20:28:44 - [TEST_STEP][PASSED] - setEncryptedText(findTestObject("Object Repository/TC_TL_Wishlist_OR/Page_Amazon Sign-In/input_password"), "RY21l9ks7eId//V36v5VDA=="): Text ****** has been set on object 'Object Repository/TC_TL_Wishlist_OR/Page_Amazon Sign-In/input_password'

07-02-2024T20:28:45 - [MESSAGE][PASSED] - Text ****** has been set on object 'Object Repository/TC_TL_Wishlist_OR/Page_Amazon Sign-In/input_password'

07-02-2024T20:28:45 - [TEST_STEP][PASSED] - click(findTestObject("Object Repository/TC_TL_Wishlist_OR/Page_Amazon Sign-In/inputsignInSubmit")): Object: 'Object Repository/TC_TL_Wishlist_OR/Page_Amazon Sign-In/inputsignInSubmit' is clicked on

07-02-2024T20:28:46 - [MESSAGE][PASSED] - Object: 'Object Repository/TC_TL_Wishlist_OR/Page_Amazon Sign-In/inputsignInSubmit' is clicked on

07-02-2024T20:28:46 - [TEST_STEP][PASSED] - selectOptionByValue(findTestObject("Object Repository/TC_Amazon_Home_003_OR/Page_Amazon.com. Spend less. Smile more/select_All Departments        Arts  Crafts _135c92"), "search-alias=fashion-girls-intl-ship", true): All options with value 'search-alias=fashion-girls-intl-ship' are selected in object 'Object Repository/TC_Amazon_Home_003_OR/Page_Amazon.com. Spend less. Smile more/select_All Departments        Arts  Crafts _135c92'  using regular expression

07-02-2024T20:28:53 - [MESSAGE][PASSED] - All options with value 'search-alias=fashion-girls-intl-ship' are selected in object 'Object Repository/TC_Amazon_Home_003_OR/Page_Amazon.com. Spend less. Smile more/select_All Departments        Arts  Crafts _135c92'  using regular expression

07-02-2024T20:28:53 - [TEST_STEP][PASSED] - setText(findTestObject("Object Repository/TC_Amazon_Home_003_OR/Page_Amazon.com. Spend less. Smile more/input_field-keywords"), "lipstick"): Text 'lipstick' is set on object 'Object Repository/TC_Amazon_Home_003_OR/Page_Amazon.com. Spend less. Smile more/input_field-keywords'

07-02-2024T20:28:54 - [MESSAGE][PASSED] - Text 'lipstick' is set on object 'Object Repository/TC_Amazon_Home_003_OR/Page_Amazon.com. Spend less. Smile more/input_field-keywords'

07-02-2024T20:28:54 - [TEST_STEP][PASSED] - click(findTestObject("Object Repository/TC_Amazon_Home_003_OR/Page_Amazon.com. Spend less. Smile more/inputnav-search-submit-button")): Object: 'Object Repository/TC_Amazon_Home_003_OR/Page_Amazon.com. Spend less. Smile more/inputnav-search-submit-button' is clicked on

07-02-2024T20:28:59 - [MESSAGE][PASSED] - Object: 'Object Repository/TC_Amazon_Home_003_OR/Page_Amazon.com. Spend less. Smile more/inputnav-search-submit-button' is clicked on

07-02-2024T20:28:59 - [TEST_STEP][PASSED] - click(findTestObject("Object Repository/TC_Amazon_Home_003_OR/Page_Amazon.com  lipstick/img_s-image")): Object: 'Object Repository/TC_Amazon_Home_003_OR/Page_Amazon.com  lipstick/img_s-image' is clicked on

07-02-2024T20:29:13 - [MESSAGE][PASSED] - Object: 'Object Repository/TC_Amazon_Home_003_OR/Page_Amazon.com  lipstick/img_s-image' is clicked on

07-02-2024T20:29:13 - [TEST_STEP][PASSED] - click(findTestObject("Object Repository/TC_Amazon_Home_003_OR/Page_Amazon.com  LOreal Paris Makeup Colour_cd333f/input_submit.add-to-registry.wishlist")): Object: 'Object Repository/TC_Amazon_Home_003_OR/Page_Amazon.com  LOreal Paris Makeup Colour_cd333f/input_submit.add-to-registry.wishlist' is clicked on

07-02-2024T20:29:17 - [MESSAGE][PASSED] - Object: 'Object Repository/TC_Amazon_Home_003_OR/Page_Amazon.com  LOreal Paris Makeup Colour_cd333f/input_submit.add-to-registry.wishlist' is clicked on

07-02-2024T20:29:17 - [TEST_STEP][PASSED] - click(findTestObject("Object Repository/TC_Amazon_Home_003_OR/Page_Amazon.com  LOreal Paris Makeup Colour_cd333f/a_View Your List")): Object: 'Object Repository/TC_Amazon_Home_003_OR/Page_Amazon.com  LOreal Paris Makeup Colour_cd333f/a_View Your List' is clicked on

07-02-2024T20:29:21 - [MESSAGE][PASSED] - Object: 'Object Repository/TC_Amazon_Home_003_OR/Page_Amazon.com  LOreal Paris Makeup Colour_cd333f/a_View Your List' is clicked on

07-02-2024T20:29:21 - [TEST_STEP][PASSED] - Start listener action : sampleAfterTestCase: Object: 'Object Repository/TC_TL_Wishlist_OR/Page_Amazon.com/a_Sign Out' is clicked on

07-02-2024T20:29:21 - [TEST_STEP][PASSED] - click(findTestObject("Object Repository/TC_TL_Wishlist_OR/Page_Amazon.com/span_All")): Object: 'Object Repository/TC_TL_Wishlist_OR/Page_Amazon.com/span_All' is clicked on

07-02-2024T20:29:22 - [MESSAGE][PASSED] - Object: 'Object Repository/TC_TL_Wishlist_OR/Page_Amazon.com/span_All' is clicked on

07-02-2024T20:29:22 - [TEST_STEP][PASSED] - click(findTestObject("Object Repository/TC_TL_Wishlist_OR/Page_Amazon.com/a_Sign Out")): Object: 'Object Repository/TC_TL_Wishlist_OR/Page_Amazon.com/a_Sign Out' is clicked on

07-02-2024T20:29:25 - [MESSAGE][PASSED] - Object: 'Object Repository/TC_TL_Wishlist_OR/Page_Amazon.com/a_Sign Out' is clicked on]]></system-out>
         <system-err><![CDATA[]]></system-err>
      </testcase>
      <testcase name="Test Cases/TC_Amazon_Home_004" time="40.326" classname="Test Cases/TC_Amazon_Home_004" status="PASSED">
         <system-out><![CDATA[07-02-2024T20:29:25 - [TEST_CASE][PASSED] - Test Cases/TC_Amazon_Home_004: Test Cases/TC_Amazon_Home_004

07-02-2024T20:29:25 - [TEST_STEP][PASSED] - Start listener action : sampleBeforeTestCase: Object: 'Object Repository/TC_TL_Wishlist_OR/Page_Amazon Sign-In/inputsignInSubmit' is clicked on

07-02-2024T20:29:25 - [TEST_STEP][PASSED] - setText(findTestObject("Object Repository/TC_TL_Wishlist_OR/Page_Amazon Sign-In/input_email"), "gummallajahnavi2002@gmail.com"): Text 'gummallajahnavi2002@gmail.com' is set on object 'Object Repository/TC_TL_Wishlist_OR/Page_Amazon Sign-In/input_email'

07-02-2024T20:29:27 - [MESSAGE][PASSED] - Text 'gummallajahnavi2002@gmail.com' is set on object 'Object Repository/TC_TL_Wishlist_OR/Page_Amazon Sign-In/input_email'

07-02-2024T20:29:27 - [TEST_STEP][PASSED] - click(findTestObject("Object Repository/TC_TL_Wishlist_OR/Page_Amazon Sign-In/inputcontinue")): Object: 'Object Repository/TC_TL_Wishlist_OR/Page_Amazon Sign-In/inputcontinue' is clicked on

07-02-2024T20:29:29 - [MESSAGE][PASSED] - Object: 'Object Repository/TC_TL_Wishlist_OR/Page_Amazon Sign-In/inputcontinue' is clicked on

07-02-2024T20:29:29 - [TEST_STEP][PASSED] - setEncryptedText(findTestObject("Object Repository/TC_TL_Wishlist_OR/Page_Amazon Sign-In/input_password"), "RY21l9ks7eId//V36v5VDA=="): Text ****** has been set on object 'Object Repository/TC_TL_Wishlist_OR/Page_Amazon Sign-In/input_password'

07-02-2024T20:29:31 - [MESSAGE][PASSED] - Text ****** has been set on object 'Object Repository/TC_TL_Wishlist_OR/Page_Amazon Sign-In/input_password'

07-02-2024T20:29:31 - [TEST_STEP][PASSED] - click(findTestObject("Object Repository/TC_TL_Wishlist_OR/Page_Amazon Sign-In/inputsignInSubmit")): Object: 'Object Repository/TC_TL_Wishlist_OR/Page_Amazon Sign-In/inputsignInSubmit' is clicked on

07-02-2024T20:29:31 - [MESSAGE][PASSED] - Object: 'Object Repository/TC_TL_Wishlist_OR/Page_Amazon Sign-In/inputsignInSubmit' is clicked on

07-02-2024T20:29:32 - [TEST_STEP][PASSED] - setText(findTestObject("Object Repository/TC_Amazon_Home_004_OR/Page_Amazon.com. Spend less. Smile more/input_field-keywords"), "sandals"): Text 'sandals' is set on object 'Object Repository/TC_Amazon_Home_004_OR/Page_Amazon.com. Spend less. Smile more/input_field-keywords'

07-02-2024T20:29:37 - [MESSAGE][PASSED] - Text 'sandals' is set on object 'Object Repository/TC_Amazon_Home_004_OR/Page_Amazon.com. Spend less. Smile more/input_field-keywords'

07-02-2024T20:29:37 - [TEST_STEP][PASSED] - click(findTestObject("Object Repository/TC_Amazon_Home_004_OR/Page_Amazon.com. Spend less. Smile more/inputnav-search-submit-button")): Object: 'Object Repository/TC_Amazon_Home_004_OR/Page_Amazon.com. Spend less. Smile more/inputnav-search-submit-button' is clicked on

07-02-2024T20:29:46 - [MESSAGE][PASSED] - Object: 'Object Repository/TC_Amazon_Home_004_OR/Page_Amazon.com. Spend less. Smile more/inputnav-search-submit-button' is clicked on

07-02-2024T20:29:46 - [TEST_STEP][PASSED] - click(findTestObject("Object Repository/TC_Amazon_Home_004_OR/Page_Amazon.com  sandals/span_Womens Luna Cork Footbed Sandal With Comfort")): Object: 'Object Repository/TC_Amazon_Home_004_OR/Page_Amazon.com  sandals/span_Womens Luna Cork Footbed Sandal With Comfort' is clicked on

07-02-2024T20:29:53 - [MESSAGE][PASSED] - Object: 'Object Repository/TC_Amazon_Home_004_OR/Page_Amazon.com  sandals/span_Womens Luna Cork Footbed Sandal With Comfort' is clicked on

07-02-2024T20:29:53 - [TEST_STEP][PASSED] - click(findTestObject("Object Repository/TC_Amazon_Home_004_OR/Page_Amazon.com Shopping Cart/a_2                                        _15cda4")): Object: 'Object Repository/TC_Amazon_Home_004_OR/Page_Amazon.com Shopping Cart/a_2                                        _15cda4' is clicked on

07-02-2024T20:29:56 - [MESSAGE][PASSED] - Object: 'Object Repository/TC_Amazon_Home_004_OR/Page_Amazon.com Shopping Cart/a_2                                        _15cda4' is clicked on

07-02-2024T20:29:56 - [TEST_STEP][PASSED] - Start listener action : sampleAfterTestCase: Object: 'Object Repository/TC_TL_Wishlist_OR/Page_Amazon.com/a_Sign Out' is clicked on

07-02-2024T20:29:56 - [TEST_STEP][PASSED] - click(findTestObject("Object Repository/TC_TL_Wishlist_OR/Page_Amazon.com/span_All")): Object: 'Object Repository/TC_TL_Wishlist_OR/Page_Amazon.com/span_All' is clicked on

07-02-2024T20:30:00 - [MESSAGE][PASSED] - Object: 'Object Repository/TC_TL_Wishlist_OR/Page_Amazon.com/span_All' is clicked on

07-02-2024T20:30:00 - [TEST_STEP][PASSED] - click(findTestObject("Object Repository/TC_TL_Wishlist_OR/Page_Amazon.com/a_Sign Out")): Object: 'Object Repository/TC_TL_Wishlist_OR/Page_Amazon.com/a_Sign Out' is clicked on

07-02-2024T20:30:06 - [MESSAGE][PASSED] - Object: 'Object Repository/TC_TL_Wishlist_OR/Page_Amazon.com/a_Sign Out' is clicked on]]></system-out>
         <system-err><![CDATA[]]></system-err>
      </testcase>
      <testcase name="Test Cases/TC_Amazon_Home_005" time="39.803" classname="Test Cases/TC_Amazon_Home_005" status="PASSED">
         <system-out><![CDATA[07-02-2024T20:30:06 - [TEST_CASE][PASSED] - Test Cases/TC_Amazon_Home_005: Test Cases/TC_Amazon_Home_005

07-02-2024T20:30:06 - [TEST_STEP][PASSED] - Start listener action : sampleBeforeTestCase: Object: 'Object Repository/TC_TL_Wishlist_OR/Page_Amazon Sign-In/inputsignInSubmit' is clicked on

07-02-2024T20:30:06 - [TEST_STEP][PASSED] - setText(findTestObject("Object Repository/TC_TL_Wishlist_OR/Page_Amazon Sign-In/input_email"), "gummallajahnavi2002@gmail.com"): Text 'gummallajahnavi2002@gmail.com' is set on object 'Object Repository/TC_TL_Wishlist_OR/Page_Amazon Sign-In/input_email'

07-02-2024T20:30:08 - [MESSAGE][PASSED] - Text 'gummallajahnavi2002@gmail.com' is set on object 'Object Repository/TC_TL_Wishlist_OR/Page_Amazon Sign-In/input_email'

07-02-2024T20:30:08 - [TEST_STEP][PASSED] - click(findTestObject("Object Repository/TC_TL_Wishlist_OR/Page_Amazon Sign-In/inputcontinue")): Object: 'Object Repository/TC_TL_Wishlist_OR/Page_Amazon Sign-In/inputcontinue' is clicked on

07-02-2024T20:30:11 - [MESSAGE][PASSED] - Object: 'Object Repository/TC_TL_Wishlist_OR/Page_Amazon Sign-In/inputcontinue' is clicked on

07-02-2024T20:30:11 - [TEST_STEP][PASSED] - setEncryptedText(findTestObject("Object Repository/TC_TL_Wishlist_OR/Page_Amazon Sign-In/input_password"), "RY21l9ks7eId//V36v5VDA=="): Text ****** has been set on object 'Object Repository/TC_TL_Wishlist_OR/Page_Amazon Sign-In/input_password'

07-02-2024T20:30:13 - [MESSAGE][PASSED] - Text ****** has been set on object 'Object Repository/TC_TL_Wishlist_OR/Page_Amazon Sign-In/input_password'

07-02-2024T20:30:13 - [TEST_STEP][PASSED] - click(findTestObject("Object Repository/TC_TL_Wishlist_OR/Page_Amazon Sign-In/inputsignInSubmit")): Object: 'Object Repository/TC_TL_Wishlist_OR/Page_Amazon Sign-In/inputsignInSubmit' is clicked on

07-02-2024T20:30:14 - [MESSAGE][PASSED] - Object: 'Object Repository/TC_TL_Wishlist_OR/Page_Amazon Sign-In/inputsignInSubmit' is clicked on

07-02-2024T20:30:14 - [TEST_STEP][PASSED] - click(findTestObject("Object Repository/TC_Amazon_Home_005_OR/Page_Amazon.com. Spend less. Smile more/input_field-keywords")): Object: 'Object Repository/TC_Amazon_Home_005_OR/Page_Amazon.com. Spend less. Smile more/input_field-keywords' is clicked on

07-02-2024T20:30:20 - [MESSAGE][PASSED] - Object: 'Object Repository/TC_Amazon_Home_005_OR/Page_Amazon.com. Spend less. Smile more/input_field-keywords' is clicked on

07-02-2024T20:30:20 - [TEST_STEP][PASSED] - click(findTestObject("Object Repository/TC_Amazon_Home_005_OR/Page_Amazon.com. Spend less. Smile more/span_valentines day gifts for her")): Object: 'Object Repository/TC_Amazon_Home_005_OR/Page_Amazon.com. Spend less. Smile more/span_valentines day gifts for her' is clicked on

07-02-2024T20:30:27 - [MESSAGE][PASSED] - Object: 'Object Repository/TC_Amazon_Home_005_OR/Page_Amazon.com. Spend less. Smile more/span_valentines day gifts for her' is clicked on

07-02-2024T20:30:27 - [TEST_STEP][PASSED] - click(findTestObject("Object Repository/TC_Amazon_Home_005_OR/Page_Amazon.com  valentines day gifts for her/span_ASELFAD Preserved Real Red Rose with I_147d3e")): Object: 'Object Repository/TC_Amazon_Home_005_OR/Page_Amazon.com  valentines day gifts for her/span_ASELFAD Preserved Real Red Rose with I_147d3e' is clicked on

07-02-2024T20:30:36 - [MESSAGE][PASSED] - Object: 'Object Repository/TC_Amazon_Home_005_OR/Page_Amazon.com  valentines day gifts for her/span_ASELFAD Preserved Real Red Rose with I_147d3e' is clicked on

07-02-2024T20:30:36 - [TEST_STEP][PASSED] - click(findTestObject("Object Repository/TC_Amazon_Home_005_OR/Page_Amazon.com ASELFAD Preserved Real Red _9e0ee3/span_5,687 ratings")): Object: 'Object Repository/TC_Amazon_Home_005_OR/Page_Amazon.com ASELFAD Preserved Real Red _9e0ee3/span_5,687 ratings' is clicked on

07-02-2024T20:30:38 - [MESSAGE][PASSED] - Object: 'Object Repository/TC_Amazon_Home_005_OR/Page_Amazon.com ASELFAD Preserved Real Red _9e0ee3/span_5,687 ratings' is clicked on

07-02-2024T20:30:38 - [TEST_STEP][PASSED] - verifyElementText(findTestObject("Object Repository/TC_Amazon_Home_005_OR/Page_Amazon.com ASELFAD Preserved Real Red _9e0ee3/h3_Top reviews from the United States"), "Top reviews from the United States"): Actual text and expected text of test object 'Object Repository/TC_Amazon_Home_005_OR/Page_Amazon.com ASELFAD Preserved Real Red _9e0ee3/h3_Top reviews from the United States' are matched.

07-02-2024T20:30:40 - [MESSAGE][PASSED] - Actual text and expected text of test object 'Object Repository/TC_Amazon_Home_005_OR/Page_Amazon.com ASELFAD Preserved Real Red _9e0ee3/h3_Top reviews from the United States' are matched.

07-02-2024T20:30:40 - [TEST_STEP][PASSED] - Start listener action : sampleAfterTestCase: Object: 'Object Repository/TC_TL_Wishlist_OR/Page_Amazon.com/a_Sign Out' is clicked on

07-02-2024T20:30:40 - [TEST_STEP][PASSED] - click(findTestObject("Object Repository/TC_TL_Wishlist_OR/Page_Amazon.com/span_All")): Object: 'Object Repository/TC_TL_Wishlist_OR/Page_Amazon.com/span_All' is clicked on

07-02-2024T20:30:42 - [MESSAGE][PASSED] - Object: 'Object Repository/TC_TL_Wishlist_OR/Page_Amazon.com/span_All' is clicked on

07-02-2024T20:30:42 - [TEST_STEP][PASSED] - click(findTestObject("Object Repository/TC_TL_Wishlist_OR/Page_Amazon.com/a_Sign Out")): Object: 'Object Repository/TC_TL_Wishlist_OR/Page_Amazon.com/a_Sign Out' is clicked on

07-02-2024T20:30:46 - [MESSAGE][PASSED] - Object: 'Object Repository/TC_TL_Wishlist_OR/Page_Amazon.com/a_Sign Out' is clicked on]]></system-out>
         <system-err><![CDATA[]]></system-err>
      </testcase>
      <system-out><![CDATA[07-02-2024T20:24:56 - [TEST_SUITE][FAILED] - Amazon_TestSuite: Test Cases/TC_Amazon_Home_002 FAILED.
Reason:
com.kms.katalon.core.exception.StepFailedException: Unable to set encrypted text for object 'Object Repository/TC_Amazon_Home_002_OR/Page_Amazon Sign-In/input_password'
	at com.kms.katalon.core.webui.keyword.internal.WebUIKeywordMain.stepFailed(WebUIKeywordMain.groovy:64)
	at com.kms.katalon.core.webui.keyword.internal.WebUIKeywordMain.runKeyword(WebUIKeywordMain.groovy:26)
	at com.kms.katalon.core.webui.keyword.builtin.SetEncryptedTextKeyword.setEncryptedText(SetEncryptedTextKeyword.groovy:65)
	at com.kms.katalon.core.webui.keyword.builtin.SetEncryptedTextKeyword.execute(SetEncryptedTextKeyword.groovy:34)
	at com.kms.katalon.core.keyword.internal.KeywordExecutor.executeKeywordForPlatform(KeywordExecutor.groovy:74)
	at com.kms.katalon.core.webui.keyword.WebUiBuiltInKeywords.setEncryptedText(WebUiBuiltInKeywords.groovy:1050)
	at TC_Amazon_Home_002.run(TC_Amazon_Home_002:30)
	at com.kms.katalon.core.main.ScriptEngine.run(ScriptEngine.java:194)
	at com.kms.katalon.core.main.ScriptEngine.runScriptAsRawText(ScriptEngine.java:119)
	at com.kms.katalon.core.main.TestCaseExecutor.runScript(TestCaseExecutor.java:448)
	at com.kms.katalon.core.main.TestCaseExecutor.doExecute(TestCaseExecutor.java:439)
	at com.kms.katalon.core.main.TestCaseExecutor.processExecutionPhase(TestCaseExecutor.java:418)
	at com.kms.katalon.core.main.TestCaseExecutor.accessMainPhase(TestCaseExecutor.java:410)
	at com.kms.katalon.core.main.TestCaseExecutor.execute(TestCaseExecutor.java:285)
	at com.kms.katalon.core.common.CommonExecutor.accessTestCaseMainPhase(CommonExecutor.java:65)
	at com.kms.katalon.core.main.TestSuiteExecutor.accessTestSuiteMainPhase(TestSuiteExecutor.java:148)
	at com.kms.katalon.core.main.TestSuiteExecutor.execute(TestSuiteExecutor.java:106)
	at com.kms.katalon.core.main.TestCaseMain.startTestSuite(TestCaseMain.java:180)
	at TempTestSuite1707317673028.run(TempTestSuite1707317673028.groovy:36)
	at java.base/jdk.internal.reflect.NativeMethodAccessorImpl.invoke0(Native Method)
	at java.base/jdk.internal.reflect.NativeMethodAccessorImpl.invoke(NativeMethodAccessorImpl.java:77)
	at java.base/jdk.internal.reflect.DelegatingMethodAccessorImpl.invoke(DelegatingMethodAccessorImpl.java:43)
Caused by: org.openqa.selenium.InvalidElementStateException: invalid element state
  (Session info: chrome=121.0.6167.140)
Build info: version: '3.141.59', revision: 'e82be7d358', time: '2018-11-14T08:25:53'
System info: host: 'DESKTOP-J3VHVG2', ip: '192.168.1.4', os.name: 'Windows 10', os.arch: 'amd64', os.version: '10.0', java.version: '17.0.7'
Driver info: com.kms.katalon.selenium.driver.CChromeDriver
Capabilities {acceptInsecureCerts: false, browserName: chrome, browserVersion: 121.0.6167.140, chrome: {chromedriverVersion: 121.0.6167.85 (3f98d690ad7e..., userDataDir: C:\Users\JANU\AppData\Local...}, fedcm:accounts: true, goog:chromeOptions: {debuggerAddress: localhost:58779}, javascriptEnabled: true, networkConnectionEnabled: false, pageLoadStrategy: normal, platform: WINDOWS, platformName: WINDOWS, proxy: Proxy(), setWindowRect: true, strictFileInteractability: false, timeouts: {implicit: 0, pageLoad: 300000, script: 30000}, unhandledPromptBehavior: dismiss and notify, webauthn:extension:credBlob: true, webauthn:extension:largeBlob: true, webauthn:extension:minPinLength: true, webauthn:extension:prf: true, webauthn:virtualAuthenticators: true}
Session ID: 76499173ca2294003d9d41adde1199fb
	at java.base/jdk.internal.reflect.NativeConstructorAccessorImpl.newInstance0(Native Method)
	at java.base/jdk.internal.reflect.NativeConstructorAccessorImpl.newInstance(NativeConstructorAccessorImpl.java:77)
	at java.base/jdk.internal.reflect.DelegatingConstructorAccessorImpl.newInstance(DelegatingConstructorAccessorImpl.java:45)
	at org.openqa.selenium.remote.http.W3CHttpResponseCodec.createException(W3CHttpResponseCodec.java:187)
	at org.openqa.selenium.remote.http.W3CHttpResponseCodec.decode(W3CHttpResponseCodec.java:122)
	at org.openqa.selenium.remote.http.W3CHttpResponseCodec.decode(W3CHttpResponseCodec.java:49)
	at org.openqa.selenium.remote.HttpCommandExecutor.execute(HttpCommandExecutor.java:158)
	at org.openqa.selenium.remote.service.DriverCommandExecutor.execute(DriverCommandExecutor.java:83)
	at org.openqa.selenium.remote.RemoteWebDriver.execute(RemoteWebDriver.java:552)
	at com.kms.katalon.selenium.driver.CChromeDriver.execute(CChromeDriver.java:19)
	at org.openqa.selenium.remote.RemoteWebElement.execute(RemoteWebElement.java:285)
	at org.openqa.selenium.remote.RemoteWebElement.clear(RemoteWebElement.java:124)
	at java.base/jdk.internal.reflect.NativeMethodAccessorImpl.invoke0(Native Method)
	at java.base/jdk.internal.reflect.NativeMethodAccessorImpl.invoke(NativeMethodAccessorImpl.java:77)
	at java.base/jdk.internal.reflect.DelegatingMethodAccessorImpl.invoke(DelegatingMethodAccessorImpl.java:43)
	at org.openqa.selenium.support.events.EventFiringWebDriver$EventFiringWebElement.lambda$new$0(EventFiringWebDriver.java:404)
	at jdk.proxy2/jdk.proxy2.$Proxy26.clear(Unknown Source)
	at org.openqa.selenium.support.events.EventFiringWebDriver$EventFiringWebElement.clear(EventFiringWebDriver.java:436)
	at com.kms.katalon.core.webui.keyword.builtin.SetEncryptedTextKeyword$_setEncryptedText_closure1.doCall(SetEncryptedTextKeyword.groovy:54)
	at com.kms.katalon.core.webui.keyword.builtin.SetEncryptedTextKeyword$_setEncryptedText_closure1.call(SetEncryptedTextKeyword.groovy)
	at com.kms.katalon.core.webui.keyword.internal.WebUIKeywordMain.runKeyword(WebUIKeywordMain.groovy:20)
	... 20 more]]></system-out>
      <system-err><![CDATA[07-02-2024T20:24:56 - [TEST_SUITE][FAILED] - Amazon_TestSuite: Test Cases/TC_Amazon_Home_002 FAILED.
Reason:
com.kms.katalon.core.exception.StepFailedException: Unable to set encrypted text for object 'Object Repository/TC_Amazon_Home_002_OR/Page_Amazon Sign-In/input_password'
	at com.kms.katalon.core.webui.keyword.internal.WebUIKeywordMain.stepFailed(WebUIKeywordMain.groovy:64)
	at com.kms.katalon.core.webui.keyword.internal.WebUIKeywordMain.runKeyword(WebUIKeywordMain.groovy:26)
	at com.kms.katalon.core.webui.keyword.builtin.SetEncryptedTextKeyword.setEncryptedText(SetEncryptedTextKeyword.groovy:65)
	at com.kms.katalon.core.webui.keyword.builtin.SetEncryptedTextKeyword.execute(SetEncryptedTextKeyword.groovy:34)
	at com.kms.katalon.core.keyword.internal.KeywordExecutor.executeKeywordForPlatform(KeywordExecutor.groovy:74)
	at com.kms.katalon.core.webui.keyword.WebUiBuiltInKeywords.setEncryptedText(WebUiBuiltInKeywords.groovy:1050)
	at TC_Amazon_Home_002.run(TC_Amazon_Home_002:30)
	at com.kms.katalon.core.main.ScriptEngine.run(ScriptEngine.java:194)
	at com.kms.katalon.core.main.ScriptEngine.runScriptAsRawText(ScriptEngine.java:119)
	at com.kms.katalon.core.main.TestCaseExecutor.runScript(TestCaseExecutor.java:448)
	at com.kms.katalon.core.main.TestCaseExecutor.doExecute(TestCaseExecutor.java:439)
	at com.kms.katalon.core.main.TestCaseExecutor.processExecutionPhase(TestCaseExecutor.java:418)
	at com.kms.katalon.core.main.TestCaseExecutor.accessMainPhase(TestCaseExecutor.java:410)
	at com.kms.katalon.core.main.TestCaseExecutor.execute(TestCaseExecutor.java:285)
	at com.kms.katalon.core.common.CommonExecutor.accessTestCaseMainPhase(CommonExecutor.java:65)
	at com.kms.katalon.core.main.TestSuiteExecutor.accessTestSuiteMainPhase(TestSuiteExecutor.java:148)
	at com.kms.katalon.core.main.TestSuiteExecutor.execute(TestSuiteExecutor.java:106)
	at com.kms.katalon.core.main.TestCaseMain.startTestSuite(TestCaseMain.java:180)
	at TempTestSuite1707317673028.run(TempTestSuite1707317673028.groovy:36)
	at java.base/jdk.internal.reflect.NativeMethodAccessorImpl.invoke0(Native Method)
	at java.base/jdk.internal.reflect.NativeMethodAccessorImpl.invoke(NativeMethodAccessorImpl.java:77)
	at java.base/jdk.internal.reflect.DelegatingMethodAccessorImpl.invoke(DelegatingMethodAccessorImpl.java:43)
Caused by: org.openqa.selenium.InvalidElementStateException: invalid element state
  (Session info: chrome=121.0.6167.140)
Build info: version: '3.141.59', revision: 'e82be7d358', time: '2018-11-14T08:25:53'
System info: host: 'DESKTOP-J3VHVG2', ip: '192.168.1.4', os.name: 'Windows 10', os.arch: 'amd64', os.version: '10.0', java.version: '17.0.7'
Driver info: com.kms.katalon.selenium.driver.CChromeDriver
Capabilities {acceptInsecureCerts: false, browserName: chrome, browserVersion: 121.0.6167.140, chrome: {chromedriverVersion: 121.0.6167.85 (3f98d690ad7e..., userDataDir: C:\Users\JANU\AppData\Local...}, fedcm:accounts: true, goog:chromeOptions: {debuggerAddress: localhost:58779}, javascriptEnabled: true, networkConnectionEnabled: false, pageLoadStrategy: normal, platform: WINDOWS, platformName: WINDOWS, proxy: Proxy(), setWindowRect: true, strictFileInteractability: false, timeouts: {implicit: 0, pageLoad: 300000, script: 30000}, unhandledPromptBehavior: dismiss and notify, webauthn:extension:credBlob: true, webauthn:extension:largeBlob: true, webauthn:extension:minPinLength: true, webauthn:extension:prf: true, webauthn:virtualAuthenticators: true}
Session ID: 76499173ca2294003d9d41adde1199fb
	at java.base/jdk.internal.reflect.NativeConstructorAccessorImpl.newInstance0(Native Method)
	at java.base/jdk.internal.reflect.NativeConstructorAccessorImpl.newInstance(NativeConstructorAccessorImpl.java:77)
	at java.base/jdk.internal.reflect.DelegatingConstructorAccessorImpl.newInstance(DelegatingConstructorAccessorImpl.java:45)
	at org.openqa.selenium.remote.http.W3CHttpResponseCodec.createException(W3CHttpResponseCodec.java:187)
	at org.openqa.selenium.remote.http.W3CHttpResponseCodec.decode(W3CHttpResponseCodec.java:122)
	at org.openqa.selenium.remote.http.W3CHttpResponseCodec.decode(W3CHttpResponseCodec.java:49)
	at org.openqa.selenium.remote.HttpCommandExecutor.execute(HttpCommandExecutor.java:158)
	at org.openqa.selenium.remote.service.DriverCommandExecutor.execute(DriverCommandExecutor.java:83)
	at org.openqa.selenium.remote.RemoteWebDriver.execute(RemoteWebDriver.java:552)
	at com.kms.katalon.selenium.driver.CChromeDriver.execute(CChromeDriver.java:19)
	at org.openqa.selenium.remote.RemoteWebElement.execute(RemoteWebElement.java:285)
	at org.openqa.selenium.remote.RemoteWebElement.clear(RemoteWebElement.java:124)
	at java.base/jdk.internal.reflect.NativeMethodAccessorImpl.invoke0(Native Method)
	at java.base/jdk.internal.reflect.NativeMethodAccessorImpl.invoke(NativeMethodAccessorImpl.java:77)
	at java.base/jdk.internal.reflect.DelegatingMethodAccessorImpl.invoke(DelegatingMethodAccessorImpl.java:43)
	at org.openqa.selenium.support.events.EventFiringWebDriver$EventFiringWebElement.lambda$new$0(EventFiringWebDriver.java:404)
	at jdk.proxy2/jdk.proxy2.$Proxy26.clear(Unknown Source)
	at org.openqa.selenium.support.events.EventFiringWebDriver$EventFiringWebElement.clear(EventFiringWebDriver.java:436)
	at com.kms.katalon.core.webui.keyword.builtin.SetEncryptedTextKeyword$_setEncryptedText_closure1.doCall(SetEncryptedTextKeyword.groovy:54)
	at com.kms.katalon.core.webui.keyword.builtin.SetEncryptedTextKeyword$_setEncryptedText_closure1.call(SetEncryptedTextKeyword.groovy)
	at com.kms.katalon.core.webui.keyword.internal.WebUIKeywordMain.runKeyword(WebUIKeywordMain.groovy:20)
	... 20 more]]></system-err>
   </testsuite>
</testsuites>
